0 verbose cli /usr/local/bin/node /usr/local/bin/npm
1 info using npm@9.2.0
2 info using node@v19.3.0
3 timing npm:load:whichnode Completed in 0ms
4 timing config:load:defaults Completed in 6ms
5 timing config:load:file:/usr/local/lib/node_modules/npm/npmrc Completed in 2ms
6 timing config:load:builtin Completed in 3ms
7 timing config:load:cli Completed in 2ms
8 timing config:load:env Completed in 0ms
9 timing config:load:project Completed in 4ms
10 timing config:load:file:/home/node/.npmrc Completed in 0ms
11 timing config:load:user Completed in 1ms
12 timing config:load:file:/usr/local/etc/npmrc Completed in 0ms
13 timing config:load:global Completed in 1ms
14 timing config:load:setEnvs Completed in 3ms
15 timing config:load Completed in 21ms
16 timing npm:load:configload Completed in 22ms
17 timing npm:load:mkdirpcache Completed in 2ms
18 timing npm:load:mkdirplogs Completed in 1ms
19 verbose title npm install
20 verbose argv "install"
21 timing npm:load:setTitle Completed in 1ms
22 timing config:load:flatten Completed in 5ms
23 timing npm:load:display Completed in 7ms
24 verbose logfile logs-max:10 dir:/home/node/.npm/_logs/2022-12-23T02_15_52_517Z-
25 verbose logfile /home/node/.npm/_logs/2022-12-23T02_15_52_517Z-debug-0.log
26 timing npm:load:logFile Completed in 9ms
27 timing npm:load:timers Completed in 0ms
28 timing npm:load:configScope Completed in 0ms
29 timing npm:load Completed in 44ms
30 silly logfile done cleaning log files
31 timing config:load:flatten Completed in 1ms
32 timing arborist:ctor Completed in 2ms
33 timing arborist:ctor Completed in 1ms
34 timing idealTree:init Completed in 35ms
35 timing idealTree:userRequests Completed in 1ms
36 silly idealTree buildDeps
37 silly fetch manifest vite@^2.9.0 || ^3.0.0 || ^4.0.0
38 http fetch GET 200 https://registry.npmjs.org/vite 13003ms (cache miss)
39 silly fetch manifest @types/node@>= 14
40 http fetch GET 200 https://registry.npmjs.org/npm 19767ms (cache miss)
41 http fetch GET 200 https://registry.npmjs.org/@types%2fnode 10883ms (cache miss)
42 silly fetch manifest less@*
43 http fetch GET 200 https://registry.npmjs.org/less 989ms (cache miss)
44 silly fetch manifest sass@*
45 http fetch GET 200 https://registry.npmjs.org/sass 1670ms (cache miss)
46 silly fetch manifest stylus@*
47 http fetch GET 200 https://registry.npmjs.org/stylus 1040ms (cache miss)
48 silly fetch manifest sugarss@*
49 http fetch GET 200 https://registry.npmjs.org/sugarss 590ms (cache miss)
50 silly fetch manifest postcss@^8.3.3
51 http fetch GET 200 https://registry.npmjs.org/postcss 1812ms (cache miss)
52 silly fetch manifest terser@^5.4.0
53 http fetch GET 200 https://registry.npmjs.org/terser 1045ms (cache miss)
54 silly placeDep ROOT vite@4.0.3 OK for: vite-plugin-smallstep@0.0.0 want: ^2.9.0 || ^3.0.0 || ^4.0.0
55 silly fetch manifest esbuild@^0.16.3
56 silly fetch manifest postcss@^8.4.20
57 silly fetch manifest resolve@^1.22.1
58 silly fetch manifest rollup@^3.7.0
59 silly fetch manifest fsevents@~2.3.2
60 http fetch GET 200 https://registry.npmjs.org/fsevents 1340ms (cache miss)
61 http fetch GET 200 https://registry.npmjs.org/resolve 1382ms (cache miss)
62 http fetch GET 200 https://registry.npmjs.org/esbuild 7688ms (cache miss)
63 http fetch GET 200 https://registry.npmjs.org/rollup 12553ms (cache miss)
64 timing idealTree:#root Completed in 43777ms
65 silly placeDep ROOT esbuild@0.16.10 OK for: vite@4.0.3 want: ^0.16.3
66 silly placeDep ROOT fsevents@2.3.2 OK for: vite@4.0.3 want: ~2.3.2
67 silly placeDep ROOT postcss@8.4.20 OK for: vite@4.0.3 want: ^8.4.20
68 silly placeDep ROOT resolve@1.22.1 OK for: vite@4.0.3 want: ^1.22.1
69 silly placeDep ROOT rollup@3.8.0 OK for: vite@4.0.3 want: ^3.7.0
70 silly fetch manifest @esbuild/android-arm@0.16.10
71 silly fetch manifest @esbuild/android-arm64@0.16.10
72 silly fetch manifest @esbuild/android-x64@0.16.10
73 silly fetch manifest @esbuild/darwin-arm64@0.16.10
74 silly fetch manifest @esbuild/darwin-x64@0.16.10
75 silly fetch manifest @esbuild/freebsd-arm64@0.16.10
76 silly fetch manifest @esbuild/freebsd-x64@0.16.10
77 silly fetch manifest @esbuild/linux-arm@0.16.10
78 silly fetch manifest @esbuild/linux-arm64@0.16.10
79 silly fetch manifest @esbuild/linux-ia32@0.16.10
80 silly fetch manifest @esbuild/linux-loong64@0.16.10
81 silly fetch manifest @esbuild/linux-mips64el@0.16.10
82 silly fetch manifest @esbuild/linux-ppc64@0.16.10
83 silly fetch manifest @esbuild/linux-riscv64@0.16.10
84 silly fetch manifest @esbuild/linux-s390x@0.16.10
85 silly fetch manifest @esbuild/linux-x64@0.16.10
86 silly fetch manifest @esbuild/netbsd-x64@0.16.10
87 silly fetch manifest @esbuild/openbsd-x64@0.16.10
88 silly fetch manifest @esbuild/sunos-x64@0.16.10
89 silly fetch manifest @esbuild/win32-arm64@0.16.10
90 silly fetch manifest @esbuild/win32-ia32@0.16.10
91 silly fetch manifest @esbuild/win32-x64@0.16.10
92 silly fetch manifest nanoid@^3.3.4
93 silly fetch manifest picocolors@^1.0.0
94 silly fetch manifest source-map-js@^1.0.2
95 silly fetch manifest is-core-module@^2.9.0
96 silly fetch manifest path-parse@^1.0.7
97 silly fetch manifest supports-preserve-symlinks-flag@^1.0.0
98 http fetch GET 200 https://registry.npmjs.org/@esbuild%2ffreebsd-arm64 916ms (cache miss)
99 http fetch GET 200 https://registry.npmjs.org/@esbuild%2flinux-arm 976ms (cache miss)
100 http fetch GET 200 https://registry.npmjs.org/@esbuild%2flinux-arm64 983ms (cache miss)
101 http fetch GET 200 https://registry.npmjs.org/@esbuild%2fandroid-arm 1057ms (cache miss)
102 http fetch GET 200 https://registry.npmjs.org/@esbuild%2flinux-mips64el 1047ms (cache miss)
103 http fetch GET 200 https://registry.npmjs.org/@esbuild%2flinux-s390x 1127ms (cache miss)
104 http fetch GET 200 https://registry.npmjs.org/@esbuild%2fandroid-x64 1391ms (cache miss)
105 http fetch GET 200 https://registry.npmjs.org/@esbuild%2ffreebsd-x64 1605ms (cache miss)
106 http fetch GET 200 https://registry.npmjs.org/@esbuild%2fandroid-arm64 1922ms (cache miss)
107 http fetch GET 200 https://registry.npmjs.org/@esbuild%2flinux-loong64 1948ms (cache miss)
108 http fetch GET 200 https://registry.npmjs.org/@esbuild%2fdarwin-arm64 2010ms (cache miss)
109 http fetch GET 200 https://registry.npmjs.org/@esbuild%2flinux-riscv64 2032ms (cache miss)
110 http fetch GET 200 https://registry.npmjs.org/@esbuild%2fopenbsd-x64 2181ms (cache miss)
111 http fetch GET 200 https://registry.npmjs.org/@esbuild%2flinux-ia32 2259ms (cache miss)
112 http fetch GET 200 https://registry.npmjs.org/picocolors 2219ms (cache miss)
113 http fetch GET 200 https://registry.npmjs.org/@esbuild%2fdarwin-x64 2269ms (cache miss)
114 http fetch GET 200 https://registry.npmjs.org/@esbuild%2fnetbsd-x64 2241ms (cache miss)
115 http fetch GET 200 https://registry.npmjs.org/@esbuild%2flinux-ppc64 2266ms (cache miss)
116 http fetch GET 200 https://registry.npmjs.org/source-map-js 2255ms (cache miss)
117 http fetch GET 200 https://registry.npmjs.org/supports-preserve-symlinks-flag 2260ms (cache miss)
118 http fetch GET 200 https://registry.npmjs.org/path-parse 2297ms (cache miss)
119 http fetch GET 200 https://registry.npmjs.org/@esbuild%2flinux-x64 2518ms (cache miss)
120 http fetch GET 200 https://registry.npmjs.org/@esbuild%2fwin32-arm64 2586ms (cache miss)
121 http fetch GET 200 https://registry.npmjs.org/is-core-module 2602ms (cache miss)
122 http fetch GET 200 https://registry.npmjs.org/@esbuild%2fwin32-x64 2656ms (cache miss)
123 http fetch GET 200 https://registry.npmjs.org/nanoid 3032ms (cache miss)
124 http fetch GET 200 https://registry.npmjs.org/@esbuild%2fsunos-x64 3587ms (cache miss)
125 http fetch GET 200 https://registry.npmjs.org/@esbuild%2fwin32-ia32 3687ms (cache miss)
126 timing idealTree:node_modules/vite Completed in 3758ms
127 silly placeDep ROOT @esbuild/android-arm@0.16.10 OK for: esbuild@0.16.10 want: 0.16.10
128 silly placeDep ROOT @esbuild/android-arm64@0.16.10 OK for: esbuild@0.16.10 want: 0.16.10
129 silly placeDep ROOT @esbuild/android-x64@0.16.10 OK for: esbuild@0.16.10 want: 0.16.10
130 silly placeDep ROOT @esbuild/darwin-arm64@0.16.10 OK for: esbuild@0.16.10 want: 0.16.10
131 silly placeDep ROOT @esbuild/darwin-x64@0.16.10 OK for: esbuild@0.16.10 want: 0.16.10
132 silly placeDep ROOT @esbuild/freebsd-arm64@0.16.10 OK for: esbuild@0.16.10 want: 0.16.10
133 silly placeDep ROOT @esbuild/freebsd-x64@0.16.10 OK for: esbuild@0.16.10 want: 0.16.10
134 silly placeDep ROOT @esbuild/linux-arm@0.16.10 OK for: esbuild@0.16.10 want: 0.16.10
135 silly placeDep ROOT @esbuild/linux-arm64@0.16.10 OK for: esbuild@0.16.10 want: 0.16.10
136 silly placeDep ROOT @esbuild/linux-ia32@0.16.10 OK for: esbuild@0.16.10 want: 0.16.10
137 silly placeDep ROOT @esbuild/linux-loong64@0.16.10 OK for: esbuild@0.16.10 want: 0.16.10
138 silly placeDep ROOT @esbuild/linux-mips64el@0.16.10 OK for: esbuild@0.16.10 want: 0.16.10
139 silly placeDep ROOT @esbuild/linux-ppc64@0.16.10 OK for: esbuild@0.16.10 want: 0.16.10
140 silly placeDep ROOT @esbuild/linux-riscv64@0.16.10 OK for: esbuild@0.16.10 want: 0.16.10
141 silly placeDep ROOT @esbuild/linux-s390x@0.16.10 OK for: esbuild@0.16.10 want: 0.16.10
142 silly placeDep ROOT @esbuild/linux-x64@0.16.10 OK for: esbuild@0.16.10 want: 0.16.10
143 silly placeDep ROOT @esbuild/netbsd-x64@0.16.10 OK for: esbuild@0.16.10 want: 0.16.10
144 silly placeDep ROOT @esbuild/openbsd-x64@0.16.10 OK for: esbuild@0.16.10 want: 0.16.10
145 silly placeDep ROOT @esbuild/sunos-x64@0.16.10 OK for: esbuild@0.16.10 want: 0.16.10
146 silly placeDep ROOT @esbuild/win32-arm64@0.16.10 OK for: esbuild@0.16.10 want: 0.16.10
147 silly placeDep ROOT @esbuild/win32-ia32@0.16.10 OK for: esbuild@0.16.10 want: 0.16.10
148 silly placeDep ROOT @esbuild/win32-x64@0.16.10 OK for: esbuild@0.16.10 want: 0.16.10
149 timing idealTree:node_modules/esbuild Completed in 74ms
150 timing idealTree:node_modules/@esbuild/android-arm Completed in 0ms
151 timing idealTree:node_modules/@esbuild/android-arm64 Completed in 0ms
152 timing idealTree:node_modules/@esbuild/android-x64 Completed in 0ms
153 timing idealTree:node_modules/@esbuild/darwin-arm64 Completed in 0ms
154 timing idealTree:node_modules/@esbuild/darwin-x64 Completed in 0ms
155 timing idealTree:node_modules/@esbuild/freebsd-arm64 Completed in 0ms
156 timing idealTree:node_modules/@esbuild/freebsd-x64 Completed in 0ms
157 timing idealTree:node_modules/@esbuild/linux-arm Completed in 0ms
158 timing idealTree:node_modules/@esbuild/linux-arm64 Completed in 0ms
159 timing idealTree:node_modules/@esbuild/linux-ia32 Completed in 0ms
160 timing idealTree:node_modules/@esbuild/linux-loong64 Completed in 0ms
161 timing idealTree:node_modules/@esbuild/linux-mips64el Completed in 0ms
162 timing idealTree:node_modules/@esbuild/linux-ppc64 Completed in 0ms
163 timing idealTree:node_modules/@esbuild/linux-riscv64 Completed in 0ms
164 timing idealTree:node_modules/@esbuild/linux-s390x Completed in 0ms
165 timing idealTree:node_modules/@esbuild/linux-x64 Completed in 0ms
166 timing idealTree:node_modules/@esbuild/netbsd-x64 Completed in 0ms
167 timing idealTree:node_modules/@esbuild/openbsd-x64 Completed in 0ms
168 timing idealTree:node_modules/@esbuild/sunos-x64 Completed in 0ms
169 timing idealTree:node_modules/@esbuild/win32-arm64 Completed in 0ms
170 timing idealTree:node_modules/@esbuild/win32-ia32 Completed in 0ms
171 timing idealTree:node_modules/@esbuild/win32-x64 Completed in 0ms
172 timing idealTree:node_modules/fsevents Completed in 0ms
173 silly placeDep ROOT nanoid@3.3.4 OK for: postcss@8.4.20 want: ^3.3.4
174 silly placeDep ROOT picocolors@1.0.0 OK for: postcss@8.4.20 want: ^1.0.0
175 silly placeDep ROOT source-map-js@1.0.2 OK for: postcss@8.4.20 want: ^1.0.2
176 timing idealTree:node_modules/postcss Completed in 5ms
177 timing idealTree:node_modules/nanoid Completed in 0ms
178 timing idealTree:node_modules/picocolors Completed in 0ms
179 silly placeDep ROOT is-core-module@2.11.0 OK for: resolve@1.22.1 want: ^2.9.0
180 silly placeDep ROOT path-parse@1.0.7 OK for: resolve@1.22.1 want: ^1.0.7
181 silly placeDep ROOT supports-preserve-symlinks-flag@1.0.0 OK for: resolve@1.22.1 want: ^1.0.0
182 silly fetch manifest has@^1.0.3
183 http fetch GET 200 https://registry.npmjs.org/has 84ms (cache miss)
184 timing idealTree:node_modules/resolve Completed in 96ms
185 silly placeDep ROOT has@1.0.3 OK for: is-core-module@2.11.0 want: ^1.0.3
186 silly fetch manifest function-bind@^1.1.1
187 http fetch GET 200 https://registry.npmjs.org/function-bind 75ms (cache miss)
188 timing idealTree:node_modules/is-core-module Completed in 78ms
189 silly placeDep ROOT function-bind@1.1.1 OK for: has@1.0.3 want: ^1.1.1
190 timing idealTree:node_modules/has Completed in 4ms
191 timing idealTree:node_modules/function-bind Completed in 0ms
192 timing idealTree:node_modules/path-parse Completed in 0ms
193 timing idealTree:node_modules/rollup Completed in 0ms
194 timing idealTree:node_modules/source-map-js Completed in 0ms
195 timing idealTree:node_modules/supports-preserve-symlinks-flag Completed in 0ms
196 timing idealTree:buildDeps Completed in 47800ms
197 timing idealTree:fixDepFlags Completed in 2ms
198 timing idealTree Completed in 47841ms
199 timing reify:loadTrees Completed in 47841ms
200 timing reify:diffTrees Completed in 3ms
201 silly reify moves {}
202 timing reify:retireShallow Completed in 2ms
203 timing reify:createSparse Completed in 12ms
204 timing reify:loadBundles Completed in 0ms
205 silly audit bulk request {
205 silly audit   vite: [ '4.0.3' ],
205 silly audit   esbuild: [ '0.16.10' ],
205 silly audit   fsevents: [ '2.3.2' ],
205 silly audit   postcss: [ '8.4.20' ],
205 silly audit   resolve: [ '1.22.1' ],
205 silly audit   rollup: [ '3.8.0' ],
205 silly audit   '@esbuild/android-arm': [ '0.16.10' ],
205 silly audit   '@esbuild/android-arm64': [ '0.16.10' ],
205 silly audit   '@esbuild/android-x64': [ '0.16.10' ],
205 silly audit   '@esbuild/darwin-arm64': [ '0.16.10' ],
205 silly audit   '@esbuild/darwin-x64': [ '0.16.10' ],
205 silly audit   '@esbuild/freebsd-arm64': [ '0.16.10' ],
205 silly audit   '@esbuild/freebsd-x64': [ '0.16.10' ],
205 silly audit   '@esbuild/linux-arm': [ '0.16.10' ],
205 silly audit   '@esbuild/linux-arm64': [ '0.16.10' ],
205 silly audit   '@esbuild/linux-ia32': [ '0.16.10' ],
205 silly audit   '@esbuild/linux-loong64': [ '0.16.10' ],
205 silly audit   '@esbuild/linux-mips64el': [ '0.16.10' ],
205 silly audit   '@esbuild/linux-ppc64': [ '0.16.10' ],
205 silly audit   '@esbuild/linux-riscv64': [ '0.16.10' ],
205 silly audit   '@esbuild/linux-s390x': [ '0.16.10' ],
205 silly audit   '@esbuild/linux-x64': [ '0.16.10' ],
205 silly audit   '@esbuild/netbsd-x64': [ '0.16.10' ],
205 silly audit   '@esbuild/openbsd-x64': [ '0.16.10' ],
205 silly audit   '@esbuild/sunos-x64': [ '0.16.10' ],
205 silly audit   '@esbuild/win32-arm64': [ '0.16.10' ],
205 silly audit   '@esbuild/win32-ia32': [ '0.16.10' ],
205 silly audit   '@esbuild/win32-x64': [ '0.16.10' ],
205 silly audit   nanoid: [ '3.3.4' ],
205 silly audit   picocolors: [ '1.0.0' ],
205 silly audit   'source-map-js': [ '1.0.2' ],
205 silly audit   'is-core-module': [ '2.11.0' ],
205 silly audit   'path-parse': [ '1.0.7' ],
205 silly audit   'supports-preserve-symlinks-flag': [ '1.0.0' ],
205 silly audit   has: [ '1.0.3' ],
205 silly audit   'function-bind': [ '1.1.1' ]
205 silly audit }
206 verbose reify failed optional dependency /home/node/node_modules/@esbuild/win32-x64
207 silly reify mark deleted [ '/home/node/node_modules/@esbuild/win32-x64' ]
208 verbose reify failed optional dependency /home/node/node_modules/@esbuild/win32-ia32
209 silly reify mark deleted [ '/home/node/node_modules/@esbuild/win32-ia32' ]
210 verbose reify failed optional dependency /home/node/node_modules/@esbuild/win32-arm64
211 silly reify mark deleted [ '/home/node/node_modules/@esbuild/win32-arm64' ]
212 verbose reify failed optional dependency /home/node/node_modules/@esbuild/sunos-x64
213 silly reify mark deleted [ '/home/node/node_modules/@esbuild/sunos-x64' ]
214 verbose reify failed optional dependency /home/node/node_modules/@esbuild/openbsd-x64
215 silly reify mark deleted [ '/home/node/node_modules/@esbuild/openbsd-x64' ]
216 verbose reify failed optional dependency /home/node/node_modules/@esbuild/netbsd-x64
217 silly reify mark deleted [ '/home/node/node_modules/@esbuild/netbsd-x64' ]
218 verbose reify failed optional dependency /home/node/node_modules/@esbuild/linux-s390x
219 silly reify mark deleted [ '/home/node/node_modules/@esbuild/linux-s390x' ]
220 verbose reify failed optional dependency /home/node/node_modules/@esbuild/linux-riscv64
221 silly reify mark deleted [ '/home/node/node_modules/@esbuild/linux-riscv64' ]
222 verbose reify failed optional dependency /home/node/node_modules/@esbuild/linux-ppc64
223 silly reify mark deleted [ '/home/node/node_modules/@esbuild/linux-ppc64' ]
224 verbose reify failed optional dependency /home/node/node_modules/@esbuild/linux-mips64el
225 silly reify mark deleted [ '/home/node/node_modules/@esbuild/linux-mips64el' ]
226 verbose reify failed optional dependency /home/node/node_modules/@esbuild/linux-loong64
227 silly reify mark deleted [ '/home/node/node_modules/@esbuild/linux-loong64' ]
228 verbose reify failed optional dependency /home/node/node_modules/@esbuild/linux-ia32
229 silly reify mark deleted [ '/home/node/node_modules/@esbuild/linux-ia32' ]
230 verbose reify failed optional dependency /home/node/node_modules/@esbuild/linux-arm64
231 silly reify mark deleted [ '/home/node/node_modules/@esbuild/linux-arm64' ]
232 verbose reify failed optional dependency /home/node/node_modules/@esbuild/linux-arm
233 silly reify mark deleted [ '/home/node/node_modules/@esbuild/linux-arm' ]
234 verbose reify failed optional dependency /home/node/node_modules/@esbuild/freebsd-x64
235 silly reify mark deleted [ '/home/node/node_modules/@esbuild/freebsd-x64' ]
236 verbose reify failed optional dependency /home/node/node_modules/@esbuild/freebsd-arm64
237 silly reify mark deleted [ '/home/node/node_modules/@esbuild/freebsd-arm64' ]
238 verbose reify failed optional dependency /home/node/node_modules/@esbuild/darwin-x64
239 silly reify mark deleted [ '/home/node/node_modules/@esbuild/darwin-x64' ]
240 verbose reify failed optional dependency /home/node/node_modules/@esbuild/darwin-arm64
241 silly reify mark deleted [ '/home/node/node_modules/@esbuild/darwin-arm64' ]
242 verbose reify failed optional dependency /home/node/node_modules/@esbuild/android-x64
243 silly reify mark deleted [ '/home/node/node_modules/@esbuild/android-x64' ]
244 verbose reify failed optional dependency /home/node/node_modules/@esbuild/android-arm64
245 silly reify mark deleted [ '/home/node/node_modules/@esbuild/android-arm64' ]
246 verbose reify failed optional dependency /home/node/node_modules/@esbuild/android-arm
247 silly reify mark deleted [ '/home/node/node_modules/@esbuild/android-arm' ]
248 verbose reify failed optional dependency /home/node/node_modules/fsevents
249 silly reify mark deleted [ '/home/node/node_modules/fsevents' ]
250 timing reifyNode:node_modules/@esbuild/win32-x64 Completed in 31ms
251 timing reifyNode:node_modules/@esbuild/win32-ia32 Completed in 32ms
252 timing reifyNode:node_modules/@esbuild/win32-arm64 Completed in 32ms
253 timing reifyNode:node_modules/@esbuild/sunos-x64 Completed in 31ms
254 timing reifyNode:node_modules/@esbuild/openbsd-x64 Completed in 31ms
255 timing reifyNode:node_modules/@esbuild/netbsd-x64 Completed in 31ms
256 timing reifyNode:node_modules/@esbuild/linux-s390x Completed in 31ms
257 timing reifyNode:node_modules/@esbuild/linux-riscv64 Completed in 30ms
258 timing reifyNode:node_modules/@esbuild/linux-ppc64 Completed in 30ms
259 timing reifyNode:node_modules/@esbuild/linux-mips64el Completed in 30ms
260 timing reifyNode:node_modules/@esbuild/linux-loong64 Completed in 30ms
261 timing reifyNode:node_modules/@esbuild/linux-ia32 Completed in 30ms
262 timing reifyNode:node_modules/@esbuild/linux-arm64 Completed in 30ms
263 timing reifyNode:node_modules/@esbuild/linux-arm Completed in 30ms
264 timing reifyNode:node_modules/@esbuild/freebsd-x64 Completed in 30ms
265 timing reifyNode:node_modules/@esbuild/freebsd-arm64 Completed in 29ms
266 timing reifyNode:node_modules/@esbuild/darwin-x64 Completed in 29ms
267 timing reifyNode:node_modules/@esbuild/darwin-arm64 Completed in 29ms
268 timing reifyNode:node_modules/@esbuild/android-x64 Completed in 30ms
269 timing reifyNode:node_modules/@esbuild/android-arm64 Completed in 30ms
270 timing reifyNode:node_modules/@esbuild/android-arm Completed in 30ms
271 timing reifyNode:node_modules/fsevents Completed in 29ms
272 silly tarball no local data for function-bind@https://registry.npmjs.org/function-bind/-/function-bind-1.1.1.tgz. Extracting by manifest.
273 silly tarball no local data for has@https://registry.npmjs.org/has/-/has-1.0.3.tgz. Extracting by manifest.
274 silly tarball no local data for supports-preserve-symlinks-flag@https://registry.npmjs.org/supports-preserve-symlinks-flag/-/supports-preserve-symlinks-flag-1.0.0.tgz. Extracting by manifest.
275 silly tarball no local data for path-parse@https://registry.npmjs.org/path-parse/-/path-parse-1.0.7.tgz. Extracting by manifest.
276 silly tarball no local data for is-core-module@https://registry.npmjs.org/is-core-module/-/is-core-module-2.11.0.tgz. Extracting by manifest.
277 silly tarball no local data for nanoid@https://registry.npmjs.org/nanoid/-/nanoid-3.3.4.tgz. Extracting by manifest.
278 silly tarball no local data for picocolors@https://registry.npmjs.org/picocolors/-/picocolors-1.0.0.tgz. Extracting by manifest.
279 silly tarball no local data for rollup@https://registry.npmjs.org/rollup/-/rollup-3.8.0.tgz. Extracting by manifest.
280 silly tarball no local data for source-map-js@https://registry.npmjs.org/source-map-js/-/source-map-js-1.0.2.tgz. Extracting by manifest.
281 silly tarball no local data for @esbuild/linux-x64@https://registry.npmjs.org/@esbuild/linux-x64/-/linux-x64-0.16.10.tgz. Extracting by manifest.
282 silly tarball no local data for postcss@https://registry.npmjs.org/postcss/-/postcss-8.4.20.tgz. Extracting by manifest.
283 silly tarball no local data for resolve@https://registry.npmjs.org/resolve/-/resolve-1.22.1.tgz. Extracting by manifest.
284 silly tarball no local data for esbuild@https://registry.npmjs.org/esbuild/-/esbuild-0.16.10.tgz. Extracting by manifest.
285 silly tarball no local data for vite@https://registry.npmjs.org/vite/-/vite-4.0.3.tgz. Extracting by manifest.
286 http fetch GET 200 https://registry.npmjs.org/has/-/has-1.0.3.tgz 143ms (cache miss)
287 timing reifyNode:node_modules/has Completed in 205ms
288 http fetch GET 200 https://registry.npmjs.org/path-parse/-/path-parse-1.0.7.tgz 167ms (cache miss)
289 timing reifyNode:node_modules/path-parse Completed in 235ms
290 http fetch GET 200 https://registry.npmjs.org/supports-preserve-symlinks-flag/-/supports-preserve-symlinks-flag-1.0.0.tgz 257ms (cache miss)
291 http fetch POST 200 https://registry.npmjs.org/-/npm/v1/security/advisories/bulk 332ms
292 timing auditReport:getReport Completed in 337ms
293 silly audit report {}
294 timing auditReport:init Completed in 0ms
295 timing reify:audit Completed in 338ms
296 timing reifyNode:node_modules/supports-preserve-symlinks-flag Completed in 332ms
297 http fetch GET 200 https://registry.npmjs.org/picocolors/-/picocolors-1.0.0.tgz 273ms (cache miss)
298 timing reifyNode:node_modules/picocolors Completed in 351ms
299 http fetch GET 200 https://registry.npmjs.org/nanoid/-/nanoid-3.3.4.tgz 361ms (cache miss)
300 timing reifyNode:node_modules/nanoid Completed in 438ms
301 http fetch GET 200 https://registry.npmjs.org/function-bind/-/function-bind-1.1.1.tgz 439ms (cache miss)
302 timing reifyNode:node_modules/function-bind Completed in 502ms
303 http fetch GET 200 https://registry.npmjs.org/is-core-module/-/is-core-module-2.11.0.tgz 527ms (cache miss)
304 timing reifyNode:node_modules/is-core-module Completed in 599ms
305 http fetch GET 200 https://registry.npmjs.org/esbuild/-/esbuild-0.16.10.tgz 1014ms (cache miss)
306 timing reifyNode:node_modules/esbuild Completed in 1095ms
307 http fetch GET 200 https://registry.npmjs.org/postcss/-/postcss-8.4.20.tgz 2773ms (cache miss)
308 timing reifyNode:node_modules/postcss Completed in 2850ms
309 http fetch GET 200 https://registry.npmjs.org/resolve/-/resolve-1.22.1.tgz 2785ms (cache miss)
310 timing reifyNode:node_modules/resolve Completed in 2864ms
311 http fetch GET 200 https://registry.npmjs.org/source-map-js/-/source-map-js-1.0.2.tgz 2875ms (cache miss)
312 timing reifyNode:node_modules/source-map-js Completed in 2955ms
313 http fetch GET 200 https://registry.npmjs.org/rollup/-/rollup-3.8.0.tgz 7202ms (cache miss)
314 timing reifyNode:node_modules/rollup Completed in 7277ms
315 http fetch GET 200 https://registry.npmjs.org/vite/-/vite-4.0.3.tgz 9080ms (cache miss)
316 timing reifyNode:node_modules/vite Completed in 9167ms
317 http fetch GET 200 https://registry.npmjs.org/@esbuild/linux-x64/-/linux-x64-0.16.10.tgz 24330ms (cache miss)
318 timing reifyNode:node_modules/@esbuild/linux-x64 Completed in 24410ms
319 timing reify:unpack Completed in 24413ms
320 timing reify:unretire Completed in 1ms
321 timing build:queue Completed in 11ms
322 timing build:link:node_modules/esbuild Completed in 10ms
323 timing build:link:node_modules/nanoid Completed in 8ms
324 timing build:link:node_modules/resolve Completed in 8ms
325 timing build:link:node_modules/rollup Completed in 7ms
326 timing build:link:node_modules/vite Completed in 7ms
327 timing build:link Completed in 10ms
328 info run esbuild@0.16.10 postinstall node_modules/esbuild node install.js
329 info run esbuild@0.16.10 postinstall { code: 0, signal: null }
330 timing build:run:postinstall:node_modules/esbuild Completed in 141ms
331 timing build:run:postinstall Completed in 141ms
332 timing build:deps Completed in 164ms
333 timing build Completed in 164ms
334 timing reify:build Completed in 166ms
335 timing reify:trash Completed in 2ms
336 timing reify:save Completed in 48ms
337 timing reify Completed in 72669ms
338 silly ADD node_modules/function-bind
339 silly ADD node_modules/has
340 silly ADD node_modules/supports-preserve-symlinks-flag
341 silly ADD node_modules/path-parse
342 silly ADD node_modules/is-core-module
343 silly ADD node_modules/source-map-js
344 silly ADD node_modules/picocolors
345 silly ADD node_modules/nanoid
346 silly ADD
347 silly ADD
348 silly ADD
349 silly ADD
350 silly ADD
351 silly ADD
352 silly ADD node_modules/@esbuild/linux-x64
353 silly ADD
354 silly ADD
355 silly ADD
356 silly ADD
357 silly ADD
358 silly ADD
359 silly ADD
360 silly ADD
361 silly ADD
362 silly ADD
363 silly ADD
364 silly ADD
365 silly ADD
366 silly ADD
367 silly ADD
368 silly ADD node_modules/rollup
369 silly ADD node_modules/resolve
370 silly ADD node_modules/postcss
371 silly ADD
372 silly ADD node_modules/esbuild
373 silly ADD node_modules/vite
374 timing command:install Completed in 72692ms
375 verbose exit 0
376 timing npm Completed in 72766ms
377 info ok
